<?xml version="1.0" encoding="utf-8"?><testsuites name="pytest tests"><testsuite name="pytest" errors="0" failures="0" skipped="0" tests="32" time="4.932" timestamp="2026-07-28T08:19:41.007764+00:00" hostname="agent-env-fd3bb790-2f40-4419-9408-9b15766c788b"><testcase classname="tests.backend_test.TestProjects" name="test_create_project" time="0.829" /><testcase classname="tests.backend_test.TestProjects" name="test_get_project" time="0.111" /><testcase classname="tests.backend_test.TestReports" name="test_pdf_report[executive]" time="0.944" /><testcase classname="tests.backend_test.TestProjects" name="test_list_projects" time="0.111" /><testcase classname="tests.backend_test.TestReports" name="test_pdf_report[boq]" time="0.111" /><testcase classname="tests.backend_test.TestProjects" name="test_analysis_chain" time="0.128" /><testcase classname="tests.backend_test.TestReports" name="test_pdf_report[cost]" time="0.111" /><testcase classname="tests.backend_test.TestReports" name="test_pdf_report[quantity]" time="0.108" /><testcase classname="tests.backend_test.TestProjects" name="test_analyse_live" time="0.226" /><testcase classname="tests.backend_test.TestReports" name="test_pdf_report[parking]" time="0.101" /><testcase classname="tests.backend_test.TestReports" name="test_pdf_report[compliance]" time="0.105" /><testcase classname="tests.backend_test.TestProjects" name="test_add_tower" time="0.100" /><testcase classname="tests.backend_test.TestReports" name="test_pdf_report[utilities]" time="0.106" /><testcase classname="tests.backend_test.TestProjects" name="test_put_project_valid_field" time="0.100" /><testcase classname="tests.backend_test.TestReports" name="test_boq_excel" time="0.341" /><testcase classname="tests.backend_test.TestAuth" name="test_admin_seeded_login" time="0.424" /><testcase classname="tests.backend_test.TestAuth" name="test_engineer_register_login" time="0.233" /><testcase classname="tests.backend_test.TestRoles" name="test_admin_list_users" time="0.429" /><testcase classname="tests.backend_test.TestRoles" name="test_engineer_cannot_list_users" time="0.328" /><testcase classname="tests.backend_test.TestAuth" name="test_viewer_register_login" time="0.562" /><testcase classname="tests.backend_test.TestAuth" name="test_login_bad_password" time="0.531" /><testcase classname="tests.backend_test.TestRoles" name="test_viewer_cannot_list_users" time="0.670" /><testcase classname="tests.backend_test.TestRoles" name="test_viewer_cannot_create_project" time="0.095" /><testcase classname="tests.backend_test.TestAuth" name="test_duplicate_register" time="0.138" /><testcase classname="tests.backend_test.TestViewerAccess" name="test_viewer_get_forbidden_before_share" time="0.100" /><testcase classname="tests.backend_test.TestAuth" name="test_me_requires_auth" time="0.105" /><testcase classname="tests.backend_test.TestViewerAccess" name="test_share_unregistered_email_error" time="0.096" /><testcase classname="tests.backend_test.TestVersions" name="test_save_and_restore" time="0.403" /><testcase classname="tests.backend_test.TestViewerAccess" name="test_share_with_viewer" time="0.315" /><testcase classname="tests.backend_test.TestViewerAccess" name="test_viewer_cannot_put" time="0.098" /><testcase classname="tests.backend_test.TestVersions" name="test_activity_has_events" time="0.106" /><testcase classname="tests.backend_test" name="test_zz_cleanup" time="0.302" /></testsuite></testsuites>